c:\users\henry.dorer\source\repos\fa21-gpr250\ian.melvin.harry.dorer.neo.kattan\assignment5\debug\vc142.pdb
c:\users\henry.dorer\source\repos\fa21-gpr250\ian.melvin.harry.dorer.neo.kattan\assignment5\debug\vc142.idb
c:\users\henry.dorer\source\repos\fa21-gpr250\ian.melvin.harry.dorer.neo.kattan\assignment5\debug\levelingsystem.obj
c:\users\henry.dorer\source\repos\fa21-gpr250\ian.melvin.harry.dorer.neo.kattan\assignment5\debug\inputtranslator.obj
c:\users\henry.dorer\source\repos\fa21-gpr250\ian.melvin.harry.dorer.neo.kattan\assignment5\debug\graphicsbuffermanager.obj
c:\users\henry.dorer\source\repos\fa21-gpr250\ian.melvin.harry.dorer.neo.kattan\assignment5\debug\gamestate.obj
c:\users\henry.dorer\source\repos\fa21-gpr250\ian.melvin.harry.dorer.neo.kattan\assignment5\debug\gameplaystate.obj
c:\users\henry.dorer\source\repos\fa21-gpr250\ian.melvin.harry.dorer.neo.kattan\assignment5\debug\gameevents.obj
c:\users\henry.dorer\source\repos\fa21-gpr250\ian.melvin.harry.dorer.neo.kattan\assignment5\debug\gameeventlistener.obj
c:\users\henry.dorer\source\repos\fa21-gpr250\ian.melvin.harry.dorer.neo.kattan\assignment5\debug\game.obj
c:\users\henry.dorer\source\repos\fa21-gpr250\ian.melvin.harry.dorer.neo.kattan\assignment5\debug\clicklistener.obj
c:\users\henry.dorer\source\repos\fa21-gpr250\ian.melvin.harry.dorer.neo.kattan\assignment5\debug\buttonmanager.obj
c:\users\henry.dorer\source\repos\fa21-gpr250\ian.melvin.harry.dorer.neo.kattan\assignment5\debug\buttonclicklistner.obj
c:\users\henry.dorer\source\repos\fa21-gpr250\ian.melvin.harry.dorer.neo.kattan\assignment5\debug\button.obj
c:\users\henry.dorer\source\repos\fa21-gpr250\ian.melvin.harry.dorer.neo.kattan\assignment5\debug\biscuitclicklistener.obj
c:\users\henry.dorer\source\repos\fa21-gpr250\ian.melvin.harry.dorer.neo.kattan\assignment5\debug\biscuit.obj
c:\users\henry.dorer\source\repos\fa21-gpr250\ian.melvin.harry.dorer.neo.kattan\assignment5\debug\autoclicker.obj
c:\users\henry.dorer\source\repos\fa21-gpr250\ian.melvin.harry.dorer.neo.kattan\assignment5\debug\antspawner.obj
c:\users\henry.dorer\source\repos\fa21-gpr250\ian.melvin.harry.dorer.neo.kattan\assignment5\debug\antclicklistener.obj
c:\users\henry.dorer\source\repos\fa21-gpr250\ian.melvin.harry.dorer.neo.kattan\assignment5\debug\ant.obj
c:\users\henry.dorer\source\repos\fa21-gpr250\ian.melvin.harry.dorer.neo.kattan\assignment5\debug\animationmanager.obj
c:\users\henry.dorer\source\repos\fa21-gpr250\ian.melvin.harry.dorer.neo.kattan\assignment5\debug\animation.obj
c:\users\henry.dorer\source\repos\fa21-gpr250\ian.melvin.harry.dorer.neo.kattan\assignment5\debug\unitmanager.obj
c:\users\henry.dorer\source\repos\fa21-gpr250\ian.melvin.harry.dorer.neo.kattan\assignment5\debug\unit.obj
c:\users\henry.dorer\source\repos\fa21-gpr250\ian.melvin.harry.dorer.neo.kattan\assignment5\debug\textreader.obj
c:\users\henry.dorer\source\repos\fa21-gpr250\ian.melvin.harry.dorer.neo.kattan\assignment5\debug\text.obj
c:\users\henry.dorer\source\repos\fa21-gpr250\ian.melvin.harry.dorer.neo.kattan\assignment5\debug\spritemanager.obj
c:\users\henry.dorer\source\repos\fa21-gpr250\ian.melvin.harry.dorer.neo.kattan\assignment5\debug\shop.obj
c:\users\henry.dorer\source\repos\fa21-gpr250\ian.melvin.harry.dorer.neo.kattan\assignment5\debug\mainmenustate.obj
c:\users\henry.dorer\source\repos\fa21-gpr250\ian.melvin.harry.dorer.neo.kattan\assignment5\debug\main.obj
c:\users\henry.dorer\source\repos\fa21-gpr250\ian.melvin.harry.dorer.neo.kattan\assignment5\debug\soundsystem.obj
c:\users\henry.dorer\source\repos\fa21-gpr250\ian.melvin.harry.dorer.neo.kattan\assignment5\debug\optionsstate.obj
c:\users\henry.dorer\source\repos\fa21-gpr250\ian.melvin.harry.dorer.neo.kattan\assignment5\debug\language.obj
c:\users\henry.dorer\source\repos\fa21-gpr250\ian.melvin.harry.dorer.neo.kattan\assignment5\debug\vc143.pdb
c:\users\henry.dorer\source\repos\fa21-gpr250\ian.melvin.harry.dorer.neo.kattan\assignment5\debug\vc143.idb
c:\users\henry.dorer\source\repos\fa21-gpr250\ian.melvin.harry.dorer.neo.kattan\assignment5\debug\difficultystate.obj
c:\users\henry.dorer\source\repos\fa21-gpr250\ian.melvin.harry.dorer.neo.kattan\assignment5\debug\assignment5.ilk
c:\users\henry.dorer\source\repos\fa21-gpr250\ian.melvin.harry.dorer.neo.kattan\assignment5\debug\assignment5.exe
c:\users\henry.dorer\source\repos\fa21-gpr250\ian.melvin.harry.dorer.neo.kattan\assignment5\debug\assignment5.pdb
c:\users\henry.dorer\source\repos\fa21-gpr250\ian.melvin.harry.dorer.neo.kattan\assignment5\debug\clickable.obj
c:\users\henry.dorer\source\repos\fa21-gpr250\ian.melvin.harry.dorer.neo.kattan\assignment5\debug\assignment5.tlog\cl.command.1.tlog
c:\users\henry.dorer\source\repos\fa21-gpr250\ian.melvin.harry.dorer.neo.kattan\assignment5\debug\assignment5.tlog\cl.read.1.tlog
c:\users\henry.dorer\source\repos\fa21-gpr250\ian.melvin.harry.dorer.neo.kattan\assignment5\debug\assignment5.tlog\cl.write.1.tlog
c:\users\henry.dorer\source\repos\fa21-gpr250\ian.melvin.harry.dorer.neo.kattan\assignment5\debug\assignment5.tlog\link.command.1.tlog
c:\users\henry.dorer\source\repos\fa21-gpr250\ian.melvin.harry.dorer.neo.kattan\assignment5\debug\assignment5.tlog\link.read.1.tlog
c:\users\henry.dorer\source\repos\fa21-gpr250\ian.melvin.harry.dorer.neo.kattan\assignment5\debug\assignment5.tlog\link.write.1.tlog
